\BOOKMARK [1][-]{section.1}{Introduction}{}% 1
\BOOKMARK [1][-]{section.2}{Key Concepts and Background}{}% 2
\BOOKMARK [2][-]{subsection.2.1}{Entanglement Entropy}{section.2}% 3
\BOOKMARK [2][-]{subsection.2.2}{Gravitational Waves and Gamma-Ray Bursts}{section.2}% 4
\BOOKMARK [2][-]{subsection.2.3}{Calabi-Yau Manifolds}{section.2}% 5
\BOOKMARK [2][-]{subsection.2.4}{M-Theory Fluxes}{section.2}% 6
\BOOKMARK [1][-]{section.3}{Universal Quantum Thermodynamic Action}{}% 7
\BOOKMARK [2][-]{subsection.3.1}{Derivation and Motivation}{section.3}% 8
\BOOKMARK [3][-]{subsubsection.3.1.1}{Einstein-Hilbert Term \(R16G11\)}{subsection.3.1}% 9
\BOOKMARK [3][-]{subsubsection.3.1.2}{Standard Model Lagrangian \(LSM\)}{subsection.3.1}% 10
\BOOKMARK [3][-]{subsubsection.3.1.3}{GW-GRB Coupling \(2 T\(GW\) T\(GRB\)\)}{subsection.3.1}% 11
\BOOKMARK [3][-]{subsubsection.3.1.4}{CMB-Hubble-Entropy Term}{subsection.3.1}% 12
\BOOKMARK [3][-]{subsubsection.3.1.5}{M-Theory Fluxes \(n=17 CYn G4 G4\)}{subsection.3.1}% 13
\BOOKMARK [3][-]{subsubsection.3.1.6}{Quantum Vortices \( \040\)}{subsection.3.1}% 14
\BOOKMARK [3][-]{subsubsection.3.1.7}{Boundary Term \(2 M11 Tr\( DD\)\)}{subsection.3.1}% 15
\BOOKMARK [1][-]{section.4}{Experimental Validation}{}% 16
\BOOKMARK [2][-]{subsection.4.1}{Multi-Messenger Astrophysics}{section.4}% 17
\BOOKMARK [2][-]{subsection.4.2}{Hubble Tension Resolution}{section.4}% 18
\BOOKMARK [2][-]{subsection.4.3}{Dark Matter Detection}{section.4}% 19
\BOOKMARK [2][-]{subsection.4.4}{Axion-GRB Predictions}{section.4}% 20
\BOOKMARK [1][-]{section.5}{Discussion}{}% 21
\BOOKMARK [1][-]{section.6}{Dark Matter Detection}{}% 22
\BOOKMARK [1][-]{section.7}{Axion-GRB Predictions}{}% 23
\BOOKMARK [1][-]{section.8}{Introduction}{}% 24
\BOOKMARK [1][-]{section.9}{Theory}{}% 25
\BOOKMARK [2][-]{subsection.9.1}{11D Quantum Thermodynamic Action}{section.9}% 26
\BOOKMARK [2][-]{subsection.9.2}{White Hole Inflation}{section.9}% 27
\BOOKMARK [1][-]{section.10}{Experimental Predictions}{}% 28
\BOOKMARK [2][-]{subsection.10.1}{JWST Lensing Anomalies}{section.10}% 29
\BOOKMARK [2][-]{subsection.10.2}{21 TeV Axion-Photon Coupling}{section.10}% 30
\BOOKMARK [1][-]{section.11}{Addressing Weaknesses}{}% 31
\BOOKMARK [2][-]{subsection.11.1}{Photon Mass Conflict}{section.11}% 32
\BOOKMARK [2][-]{subsection.11.2}{Entanglement Stability}{section.11}% 33
\BOOKMARK [1][-]{section.12}{Discussion}{}% 34
\BOOKMARK [1][-]{section.13}{Introduction}{}% 35
\BOOKMARK [1][-]{section.14}{Key Concepts and Background}{}% 36
\BOOKMARK [2][-]{subsection.14.1}{Entanglement Entropy}{section.14}% 37
\BOOKMARK [2][-]{subsection.14.2}{Gravitational Waves and Gamma-Ray Bursts}{section.14}% 38
\BOOKMARK [2][-]{subsection.14.3}{Calabi-Yau Manifolds}{section.14}% 39
\BOOKMARK [2][-]{subsection.14.4}{M-Theory Fluxes}{section.14}% 40
\BOOKMARK [1][-]{section.15}{Universal Quantum Thermodynamic Action}{}% 41
\BOOKMARK [2][-]{subsection.15.1}{Derivation and Motivation}{section.15}% 42
\BOOKMARK [3][-]{subsubsection.15.1.1}{Einstein-Hilbert Term \(R16G11\)}{subsection.15.1}% 43
\BOOKMARK [3][-]{subsubsection.15.1.2}{Standard Model Lagrangian \(LSM\)}{subsection.15.1}% 44
\BOOKMARK [3][-]{subsubsection.15.1.3}{GW-GRB Coupling \(2 T\(GW\) T\(GRB\)\)}{subsection.15.1}% 45
\BOOKMARK [3][-]{subsubsection.15.1.4}{CMB-Hubble-Entropy Term}{subsection.15.1}% 46
\BOOKMARK [3][-]{subsubsection.15.1.5}{M-Theory Fluxes \(n=17 CYn G4 G4\)}{subsection.15.1}% 47
\BOOKMARK [3][-]{subsubsection.15.1.6}{Quantum Vortices \( \040\)}{subsection.15.1}% 48
\BOOKMARK [3][-]{subsubsection.15.1.7}{Boundary Term \(2 M11 Tr\( DD\)\)}{subsection.15.1}% 49
\BOOKMARK [1][-]{section.16}{Experimental Validation}{}% 50
\BOOKMARK [2][-]{subsection.16.1}{Multi-Messenger Astrophysics}{section.16}% 51
\BOOKMARK [2][-]{subsection.16.2}{Hubble Tension Resolution}{section.16}% 52
\BOOKMARK [2][-]{subsection.16.3}{Dark Matter Detection}{section.16}% 53
\BOOKMARK [2][-]{subsection.16.4}{Axion-GRB Predictions}{section.16}% 54
\BOOKMARK [1][-]{section.17}{Discussion}{}% 55
\BOOKMARK [1][-]{section.18}{Implications and Applications}{}% 56
\BOOKMARK [2][-]{subsection.18.1}{Resolution of Longstanding Theoretical Conflicts}{section.18}% 57
\BOOKMARK [3][-]{subsubsection.18.1.1}{Unification of GR and QM}{subsection.18.1}% 58
\BOOKMARK [3][-]{subsubsection.18.1.2}{Dark Matter and Dark Energy}{subsection.18.1}% 59
\BOOKMARK [2][-]{subsection.18.2}{Experimental Predictions and Observational Breakthroughs}{section.18}% 60
\BOOKMARK [3][-]{subsubsection.18.2.1}{21 TeV Axionic Gamma-Ray Bursts}{subsection.18.2}% 61
\BOOKMARK [3][-]{subsubsection.18.2.2}{GW-GRB Time Delay Mechanism}{subsection.18.2}% 62
\BOOKMARK [3][-]{subsubsection.18.2.3}{Hubble Tension Resolution}{subsection.18.2}% 63
\BOOKMARK [2][-]{subsection.18.3}{Novel Mathematical Tools and Computational Frameworks}{section.18}% 64
\BOOKMARK [3][-]{subsubsection.18.3.1}{M-Theory Flux Quantization}{subsection.18.3}% 65
\BOOKMARK [3][-]{subsubsection.18.3.2}{Quantum Thermodynamic Geometry}{subsection.18.3}% 66
\BOOKMARK [2][-]{subsection.18.4}{Technological and Interdisciplinary Applications}{section.18}% 67
\BOOKMARK [3][-]{subsubsection.18.4.1}{Quantum Information Processing}{subsection.18.4}% 68
\BOOKMARK [3][-]{subsubsection.18.4.2}{Dark Matter Detection}{subsection.18.4}% 69
\BOOKMARK [3][-]{subsubsection.18.4.3}{Energy Harvesting}{subsection.18.4}% 70
\BOOKMARK [2][-]{subsection.18.5}{Philosophical and Foundational Implications}{section.18}% 71
\BOOKMARK [3][-]{subsubsection.18.5.1}{Spacetime as Emergent}{subsection.18.5}% 72
\BOOKMARK [3][-]{subsubsection.18.5.2}{Cosmological Evolution}{subsection.18.5}% 73
\BOOKMARK [1][-]{section.19}{Introduction}{}% 74
\BOOKMARK [1][-]{section.20}{Key Concepts and Background}{}% 75
\BOOKMARK [2][-]{subsection.20.1}{Entanglement Entropy}{section.20}% 76
\BOOKMARK [2][-]{subsection.20.2}{Gravitational Waves and Gamma-Ray Bursts}{section.20}% 77
\BOOKMARK [2][-]{subsection.20.3}{Calabi-Yau Manifolds}{section.20}% 78
\BOOKMARK [2][-]{subsection.20.4}{M-Theory Fluxes}{section.20}% 79
\BOOKMARK [1][-]{section.21}{Universal Quantum Thermodynamic Action}{}% 80
\BOOKMARK [2][-]{subsection.21.1}{Derivation and Motivation}{section.21}% 81
\BOOKMARK [3][-]{subsubsection.21.1.1}{Einstein-Hilbert Term \(R16G11\)}{subsection.21.1}% 82
\BOOKMARK [3][-]{subsubsection.21.1.2}{Standard Model Lagrangian \(LSM\)}{subsection.21.1}% 83
\BOOKMARK [3][-]{subsubsection.21.1.3}{GW-GRB Coupling \(2 T\(GW\) T\(GRB\)\)}{subsection.21.1}% 84
\BOOKMARK [3][-]{subsubsection.21.1.4}{CMB-Hubble-Entropy Term}{subsection.21.1}% 85
\BOOKMARK [3][-]{subsubsection.21.1.5}{M-Theory Fluxes \(n=17 CYn G4 G4\)}{subsection.21.1}% 86
\BOOKMARK [3][-]{subsubsection.21.1.6}{Quantum Vortices \( \040\)}{subsection.21.1}% 87
\BOOKMARK [3][-]{subsubsection.21.1.7}{Boundary Term \(2 M11 Tr\( DD\)\)}{subsection.21.1}% 88
\BOOKMARK [1][-]{section.22}{Experimental Validation}{}% 89
\BOOKMARK [2][-]{subsection.22.1}{Multi-Messenger Astrophysics}{section.22}% 90
\BOOKMARK [2][-]{subsection.22.2}{Hubble Tension Resolution}{section.22}% 91
\BOOKMARK [2][-]{subsection.22.3}{Dark Matter Detection}{section.22}% 92
\BOOKMARK [2][-]{subsection.22.4}{Axion-GRB Predictions}{section.22}% 93
\BOOKMARK [1][-]{section.23}{Discussion}{}% 94
\BOOKMARK [1][-]{section.24}{Introduction}{}% 95
\BOOKMARK [1][-]{section.25}{Universal Quantum Thermodynamic Action}{}% 96
\BOOKMARK [2][-]{subsection.25.1}{Key Components}{section.25}% 97
\BOOKMARK [1][-]{section.26}{Experimental Validation}{}% 98
\BOOKMARK [2][-]{subsection.26.1}{Multi-Messenger Astrophysics}{section.26}% 99
\BOOKMARK [2][-]{subsection.26.2}{Hubble Tension Resolution}{section.26}% 100
\BOOKMARK [2][-]{subsection.26.3}{Dark Matter Detection}{section.26}% 101
\BOOKMARK [2][-]{subsection.26.4}{Axion-GRB Predictions}{section.26}% 102
\BOOKMARK [1][-]{section.27}{Discussion}{}% 103
\BOOKMARK [1][-]{section.28}{Introduction}{}% 104
\BOOKMARK [1][-]{section.29}{Key Concepts and Background}{}% 105
\BOOKMARK [2][-]{subsection.29.1}{Entanglement Entropy}{section.29}% 106
\BOOKMARK [2][-]{subsection.29.2}{Gravitational Waves and Gamma-Ray Bursts}{section.29}% 107
\BOOKMARK [2][-]{subsection.29.3}{Calabi-Yau Manifolds}{section.29}% 108
\BOOKMARK [2][-]{subsection.29.4}{M-Theory Fluxes}{section.29}% 109
\BOOKMARK [1][-]{section.30}{Universal Quantum Thermodynamic Action}{}% 110
\BOOKMARK [2][-]{subsection.30.1}{Derivation and Motivation}{section.30}% 111
\BOOKMARK [3][-]{subsubsection.30.1.1}{Einstein-Hilbert Term \(R16G11\)}{subsection.30.1}% 112
\BOOKMARK [3][-]{subsubsection.30.1.2}{Standard Model Lagrangian \(LSM\)}{subsection.30.1}% 113
\BOOKMARK [3][-]{subsubsection.30.1.3}{GW-GRB Coupling \(2 T\(GW\) T\(GRB\)\)}{subsection.30.1}% 114
\BOOKMARK [3][-]{subsubsection.30.1.4}{CMB-Hubble-Entropy Term}{subsection.30.1}% 115
\BOOKMARK [3][-]{subsubsection.30.1.5}{M-Theory Fluxes \(n=17 CYn G4 G4\)}{subsection.30.1}% 116
\BOOKMARK [3][-]{subsubsection.30.1.6}{Quantum Vortices \( \040\)}{subsection.30.1}% 117
\BOOKMARK [3][-]{subsubsection.30.1.7}{Boundary Term \(2 M11 Tr\( DD\)\)}{subsection.30.1}% 118
\BOOKMARK [1][-]{section.31}{Experimental Validation}{}% 119
\BOOKMARK [2][-]{subsection.31.1}{Multi-Messenger Astrophysics}{section.31}% 120
\BOOKMARK [2][-]{subsection.31.2}{Hubble Tension Resolution}{section.31}% 121
\BOOKMARK [2][-]{subsection.31.3}{Dark Matter Detection}{section.31}% 122
\BOOKMARK [2][-]{subsection.31.4}{Axion-GRB Predictions}{section.31}% 123
\BOOKMARK [1][-]{section.32}{Discussion}{}% 124
\BOOKMARK [1][-]{section.33}{Introduction}{}% 125
\BOOKMARK [1][-]{section.34}{Universal Quantum Thermodynamic Action}{}% 126
\BOOKMARK [1][-]{section.35}{Experimental Validation}{}% 127
\BOOKMARK [2][-]{subsection.35.1}{Multi-Messenger Astrophysics}{section.35}% 128
\BOOKMARK [2][-]{subsection.35.2}{Hubble Tension Resolution}{section.35}% 129
\BOOKMARK [2][-]{subsection.35.3}{Dark Matter Detection}{section.35}% 130
\BOOKMARK [2][-]{subsection.35.4}{Axion-GRB Predictions}{section.35}% 131
\BOOKMARK [1][-]{section.36}{Discussion}{}% 132
\BOOKMARK [1][-]{section.37}{Introduction}{}% 133
\BOOKMARK [1][-]{section.38}{The Universal Quantum Thermodynamic Action}{}% 134
\BOOKMARK [2][-]{subsection.38.1}{Key Innovations}{section.38}% 135
\BOOKMARK [1][-]{section.39}{Experimental Validation}{}% 136
\BOOKMARK [2][-]{subsection.39.1}{GW170817/GRB 170817A}{section.39}% 137
\BOOKMARK [2][-]{subsection.39.2}{Planck CMB Anisotropies}{section.39}% 138
\BOOKMARK [2][-]{subsection.39.3}{LUX-ZEPLIN Dark Matter Limits}{section.39}% 139
\BOOKMARK [1][-]{section.40}{Discussion}{}% 140
\BOOKMARK [1][-]{section.41}{Introduction}{}% 141
\BOOKMARK [1][-]{section.42}{Universal Quantum Thermodynamic Action}{}% 142
\BOOKMARK [1][-]{section.43}{Experimental Validation}{}% 143
\BOOKMARK [2][-]{subsection.43.1}{Multi-Messenger Astrophysics}{section.43}% 144
\BOOKMARK [2][-]{subsection.43.2}{Hubble Tension Resolution}{section.43}% 145
\BOOKMARK [2][-]{subsection.43.3}{Dark Matter Detection}{section.43}% 146
\BOOKMARK [2][-]{subsection.43.4}{Axion-GRB Predictions}{section.43}% 147
\BOOKMARK [1][-]{section.44}{Discussion}{}% 148
\BOOKMARK [1][-]{section.45}{Introduction}{}% 149
\BOOKMARK [1][-]{section.46}{Key Concepts and Background}{}% 150
\BOOKMARK [2][-]{subsection.46.1}{Entanglement Entropy}{section.46}% 151
\BOOKMARK [2][-]{subsection.46.2}{Gravitational Waves and Gamma-Ray Bursts}{section.46}% 152
\BOOKMARK [2][-]{subsection.46.3}{Calabi-Yau Manifolds}{section.46}% 153
\BOOKMARK [2][-]{subsection.46.4}{M-Theory Fluxes}{section.46}% 154
\BOOKMARK [1][-]{section.47}{Universal Quantum Thermodynamic Action}{}% 155
\BOOKMARK [2][-]{subsection.47.1}{Derivation and Motivation}{section.47}% 156
\BOOKMARK [3][-]{subsubsection.47.1.1}{Einstein-Hilbert Term \(R16G11\)}{subsection.47.1}% 157
\BOOKMARK [3][-]{subsubsection.47.1.2}{Standard Model Lagrangian \(LSM\)}{subsection.47.1}% 158
\BOOKMARK [3][-]{subsubsection.47.1.3}{GW-GRB Coupling \(2 T\(GW\) T\(GRB\)\)}{subsection.47.1}% 159
\BOOKMARK [3][-]{subsubsection.47.1.4}{CMB-Hubble-Entropy Term}{subsection.47.1}% 160
\BOOKMARK [3][-]{subsubsection.47.1.5}{M-Theory Fluxes \(n=17 CYn G4 G4\)}{subsection.47.1}% 161
\BOOKMARK [3][-]{subsubsection.47.1.6}{Quantum Vortices \( \040\)}{subsection.47.1}% 162
\BOOKMARK [3][-]{subsubsection.47.1.7}{Boundary Term \(2 M11 Tr\( DD\)\)}{subsection.47.1}% 163
\BOOKMARK [1][-]{section.48}{Experimental Validation}{}% 164
\BOOKMARK [2][-]{subsection.48.1}{Multi-Messenger Astrophysics}{section.48}% 165
\BOOKMARK [2][-]{subsection.48.2}{Hubble Tension Resolution}{section.48}% 166
\BOOKMARK [2][-]{subsection.48.3}{Dark Matter Detection}{section.48}% 167
\BOOKMARK [2][-]{subsection.48.4}{Axion-GRB Predictions}{section.48}% 168
\BOOKMARK [1][-]{section.49}{Discussion}{}% 169
\BOOKMARK [1][-]{section.50}{Introduction}{}% 170
\BOOKMARK [1][-]{section.51}{Theory}{}% 171
\BOOKMARK [2][-]{subsection.51.1}{11D Quantum Thermodynamic Action}{section.51}% 172
\BOOKMARK [2][-]{subsection.51.2}{White Hole Inflation}{section.51}% 173
\BOOKMARK [1][-]{section.52}{Experimental Predictions}{}% 174
\BOOKMARK [2][-]{subsection.52.1}{JWST Lensing Anomalies}{section.52}% 175
\BOOKMARK [2][-]{subsection.52.2}{21 TeV Axion-Photon Coupling}{section.52}% 176
\BOOKMARK [1][-]{section.53}{Addressing Weaknesses}{}% 177
\BOOKMARK [2][-]{subsection.53.1}{Photon Mass Conflict}{section.53}% 178
\BOOKMARK [2][-]{subsection.53.2}{Entanglement Stability}{section.53}% 179
\BOOKMARK [1][-]{section.54}{Discussion}{}% 180
\BOOKMARK [1][-]{section.55}{Proca Equation and Photon Mass}{}% 181
\BOOKMARK [1][-]{section.56}{JWST Lensing Anomalies}{}% 182
\BOOKMARK [1][-]{section.57}{21 TeV Axion-Photon Coupling}{}% 183
\BOOKMARK [1][-]{section.58}{Introduction}{}% 184
\BOOKMARK [1][-]{section.59}{Theoretical Framework}{}% 185
\BOOKMARK [2][-]{subsection.59.1}{Dark Matter and Dark Energy as Time-Delayed Radiation}{section.59}% 186
\BOOKMARK [2][-]{subsection.59.2}{Relativistic Light Cones and Spacetime Distortion}{section.59}% 187
\BOOKMARK [2][-]{subsection.59.3}{Hierarchical Gravitational Coupling}{section.59}% 188
\BOOKMARK [2][-]{subsection.59.4}{Force Equation in Delayed Time}{section.59}% 189
\BOOKMARK [2][-]{subsection.59.5}{Initial Singularity and Inflation}{section.59}% 190
\BOOKMARK [1][-]{section.60}{Experimental Proposals}{}% 191
\BOOKMARK [2][-]{subsection.60.1}{Time-Delayed Gravitational Lensing}{section.60}% 192
\BOOKMARK [2][-]{subsection.60.2}{Decohered Photon Mass Detection}{section.60}% 193
\BOOKMARK [1][-]{section.61}{Conclusion}{}% 194
\BOOKMARK [1][-]{section.62}{Introduction}{}% 195
\BOOKMARK [1][-]{section.63}{Theoretical Framework}{}% 196
\BOOKMARK [2][-]{subsection.63.1}{Proca Equation and Photon Mass}{section.63}% 197
\BOOKMARK [2][-]{subsection.63.2}{Galactic Rotation Curves}{section.63}% 198
\BOOKMARK [2][-]{subsection.63.3}{JWST Lensing Anomalies}{section.63}% 199
\BOOKMARK [1][-]{section.64}{Comparison to Cutting-Edge Physics}{}% 200
\BOOKMARK [1][-]{section.65}{Discussion}{}% 201
\BOOKMARK [1][-]{section.66}{Introduction}{}% 202
\BOOKMARK [1][-]{section.67}{Key Concepts and Background}{}% 203
\BOOKMARK [2][-]{subsection.67.1}{Entanglement Entropy}{section.67}% 204
\BOOKMARK [2][-]{subsection.67.2}{Gravitational Waves and Gamma-Ray Bursts}{section.67}% 205
\BOOKMARK [2][-]{subsection.67.3}{Calabi-Yau Manifolds}{section.67}% 206
\BOOKMARK [2][-]{subsection.67.4}{M-Theory Fluxes}{section.67}% 207
\BOOKMARK [1][-]{section.68}{Universal Quantum Thermodynamic Action}{}% 208
\BOOKMARK [2][-]{subsection.68.1}{Derivation and Motivation}{section.68}% 209
\BOOKMARK [3][-]{subsubsection.68.1.1}{Einstein-Hilbert Term \(R16G11\)}{subsection.68.1}% 210
\BOOKMARK [3][-]{subsubsection.68.1.2}{Standard Model Lagrangian \(LSM\)}{subsection.68.1}% 211
\BOOKMARK [3][-]{subsubsection.68.1.3}{GW-GRB Coupling \(2 T\(GW\) T\(GRB\)\)}{subsection.68.1}% 212
\BOOKMARK [3][-]{subsubsection.68.1.4}{CMB-Hubble-Entropy Term}{subsection.68.1}% 213
\BOOKMARK [3][-]{subsubsection.68.1.5}{M-Theory Fluxes \(n=17 CYn G4 G4\)}{subsection.68.1}% 214
\BOOKMARK [3][-]{subsubsection.68.1.6}{Quantum Vortices \( \040\)}{subsection.68.1}% 215
\BOOKMARK [3][-]{subsubsection.68.1.7}{Boundary Term \(2 M11 Tr\( DD\)\)}{subsection.68.1}% 216
\BOOKMARK [1][-]{section.69}{Experimental Validation}{}% 217
\BOOKMARK [2][-]{subsection.69.1}{Multi-Messenger Astrophysics}{section.69}% 218
\BOOKMARK [2][-]{subsection.69.2}{Hubble Tension Resolution}{section.69}% 219
\BOOKMARK [2][-]{subsection.69.3}{Dark Matter Detection}{section.69}% 220
\BOOKMARK [2][-]{subsection.69.4}{Axion-GRB Predictions}{section.69}% 221
\BOOKMARK [1][-]{section.70}{Discussion}{}% 222
\BOOKMARK [1][-]{section.71}{Implications and Applications}{}% 223
\BOOKMARK [2][-]{subsection.71.1}{Resolution of Longstanding Theoretical Conflicts}{section.71}% 224
\BOOKMARK [3][-]{subsubsection.71.1.1}{Unification of GR and QM}{subsection.71.1}% 225
\BOOKMARK [3][-]{subsubsection.71.1.2}{Dark Matter and Dark Energy}{subsection.71.1}% 226
\BOOKMARK [2][-]{subsection.71.2}{Experimental Predictions and Observational Breakthroughs}{section.71}% 227
\BOOKMARK [3][-]{subsubsection.71.2.1}{21 TeV Axionic Gamma-Ray Bursts}{subsection.71.2}% 228
\BOOKMARK [3][-]{subsubsection.71.2.2}{GW-GRB Time Delay Mechanism}{subsection.71.2}% 229
\BOOKMARK [3][-]{subsubsection.71.2.3}{Hubble Tension Resolution}{subsection.71.2}% 230
\BOOKMARK [2][-]{subsection.71.3}{Novel Mathematical Tools and Computational Frameworks}{section.71}% 231
\BOOKMARK [3][-]{subsubsection.71.3.1}{M-Theory Flux Quantization}{subsection.71.3}% 232
\BOOKMARK [3][-]{subsubsection.71.3.2}{Quantum Thermodynamic Geometry}{subsection.71.3}% 233
\BOOKMARK [2][-]{subsection.71.4}{Technological and Interdisciplinary Applications}{section.71}% 234
\BOOKMARK [3][-]{subsubsection.71.4.1}{Quantum Information Processing}{subsection.71.4}% 235
\BOOKMARK [3][-]{subsubsection.71.4.2}{Dark Matter Detection}{subsection.71.4}% 236
\BOOKMARK [3][-]{subsubsection.71.4.3}{Energy Harvesting}{subsection.71.4}% 237
\BOOKMARK [2][-]{subsection.71.5}{Philosophical and Foundational Implications}{section.71}% 238
\BOOKMARK [3][-]{subsubsection.71.5.1}{Spacetime as Emergent}{subsection.71.5}% 239
\BOOKMARK [3][-]{subsubsection.71.5.2}{Cosmological Evolution}{subsection.71.5}% 240
\BOOKMARK [1][-]{section.72}{Introduction}{}% 241
\BOOKMARK [1][-]{section.73}{Theory}{}% 242
\BOOKMARK [2][-]{subsection.73.1}{11D Quantum Thermodynamic Action}{section.73}% 243
\BOOKMARK [2][-]{subsection.73.2}{White Hole Inflation}{section.73}% 244
\BOOKMARK [1][-]{section.74}{Experimental Predictions}{}% 245
\BOOKMARK [2][-]{subsection.74.1}{JWST Lensing Anomalies}{section.74}% 246
\BOOKMARK [2][-]{subsection.74.2}{21 TeV Axion-Photon Coupling}{section.74}% 247
\BOOKMARK [1][-]{section.75}{Addressing Weaknesses}{}% 248
\BOOKMARK [2][-]{subsection.75.1}{Photon Mass Conflict}{section.75}% 249
\BOOKMARK [2][-]{subsection.75.2}{Entanglement Stability}{section.75}% 250
\BOOKMARK [1][-]{section.76}{Discussion}{}% 251
\BOOKMARK [1][-]{section.77}{Introduction}{}% 252
\BOOKMARK [1][-]{section.78}{Theoretical Framework}{}% 253
\BOOKMARK [2][-]{subsection.78.1}{Proca Equation and Photon Mass}{section.78}% 254
\BOOKMARK [2][-]{subsection.78.2}{Galactic Rotation Curves}{section.78}% 255
\BOOKMARK [2][-]{subsection.78.3}{JWST Lensing Anomalies}{section.78}% 256
\BOOKMARK [1][-]{section.79}{Comparison to Cutting-Edge Physics}{}% 257
\BOOKMARK [1][-]{section.80}{Discussion}{}% 258
\BOOKMARK [1][-]{section.81}{Introduction}{}% 259
\BOOKMARK [1][-]{section.82}{Theoretical Framework}{}% 260
\BOOKMARK [2][-]{subsection.82.1}{Proca Equation and Photon Mass}{section.82}% 261
\BOOKMARK [2][-]{subsection.82.2}{Galactic Rotation Curves}{section.82}% 262
\BOOKMARK [2][-]{subsection.82.3}{JWST Lensing Anomalies}{section.82}% 263
\BOOKMARK [1][-]{section.83}{Comparison to Cutting-Edge Physics}{}% 264
\BOOKMARK [1][-]{section.84}{Discussion}{}% 265
\BOOKMARK [1][-]{section.85}{Introduction}{}% 266
\BOOKMARK [1][-]{section.86}{Theory}{}% 267
\BOOKMARK [2][-]{subsection.86.1}{11D Quantum Thermodynamic Action}{section.86}% 268
\BOOKMARK [2][-]{subsection.86.2}{White Hole Inflation}{section.86}% 269
\BOOKMARK [1][-]{section.87}{Experimental Predictions}{}% 270
\BOOKMARK [2][-]{subsection.87.1}{JWST Lensing Anomalies}{section.87}% 271
\BOOKMARK [2][-]{subsection.87.2}{21 TeV Axion-Photon Coupling}{section.87}% 272
\BOOKMARK [1][-]{section.88}{Addressing Weaknesses}{}% 273
\BOOKMARK [2][-]{subsection.88.1}{Photon Mass Conflict}{section.88}% 274
\BOOKMARK [2][-]{subsection.88.2}{Entanglement Stability}{section.88}% 275
\BOOKMARK [1][-]{section.89}{Discussion}{}% 276
\BOOKMARK [1][-]{section.90}{Introduction}{}% 277
\BOOKMARK [1][-]{section.91}{Theoretical Framework}{}% 278
\BOOKMARK [2][-]{subsection.91.1}{Proca Equation and Photon Mass}{section.91}% 279
\BOOKMARK [2][-]{subsection.91.2}{Galactic Rotation Curves}{section.91}% 280
\BOOKMARK [2][-]{subsection.91.3}{JWST Lensing Anomalies}{section.91}% 281
\BOOKMARK [1][-]{section.92}{Comparison to Cutting-Edge Physics}{}% 282
\BOOKMARK [1][-]{section.93}{Discussion}{}% 283
\BOOKMARK [1][-]{section.94}{Introduction}{}% 284
\BOOKMARK [1][-]{section.95}{Lagrangian Density}{}% 285
\BOOKMARK [1][-]{section.96}{Revised Unified Force Equation}{}% 286
\BOOKMARK [1][-]{section.97}{Dimensional Consistency and Physical Interpretability}{}% 287
\BOOKMARK [1][-]{section.98}{Conclusion}{}% 288
\BOOKMARK [1][-]{section.99}{Introduction}{}% 289
\BOOKMARK [1][-]{section.100}{Unified Force Equation}{}% 290
\BOOKMARK [1][-]{section.101}{Relation to the Casimir Effect and M-Theory}{}% 291
\BOOKMARK [1][-]{section.102}{Quantum Gravity Equation}{}% 292
\BOOKMARK [1][-]{section.103}{Experimental Validation}{}% 293
\BOOKMARK [1][-]{section.104}{Conclusion}{}% 294
\BOOKMARK [1][-]{section.105}{Introduction}{}% 295
\BOOKMARK [1][-]{section.106}{Lagrangian Density}{}% 296
\BOOKMARK [1][-]{section.107}{Revised Unified Force Equation}{}% 297
\BOOKMARK [1][-]{section.108}{Dimensional Consistency and Physical Interpretability}{}% 298
\BOOKMARK [1][-]{section.109}{Conclusion}{}% 299
\BOOKMARK [1][-]{section.110}{Introduction}{}% 300
\BOOKMARK [1][-]{section.111}{Compact Particle Accelerator}{}% 301
\BOOKMARK [2][-]{subsection.111.1}{Mathematical Proof: Energy Requirements}{section.111}% 302
\BOOKMARK [2][-]{subsection.111.2}{Potential Flaw: Energy Loss}{section.111}% 303
\BOOKMARK [1][-]{section.112}{Thermionic Converter and Plasma Suspension}{}% 304
\BOOKMARK [2][-]{subsection.112.1}{Mathematical Proof: Energy Conversion Efficiency}{section.112}% 305
\BOOKMARK [2][-]{subsection.112.2}{Potential Flaw: Plasma Instability}{section.112}% 306
\BOOKMARK [1][-]{section.113}{Sealed System Design}{}% 307
\BOOKMARK [2][-]{subsection.113.1}{Potential Flaw: Heat Dissipation}{section.113}% 308
\BOOKMARK [1][-]{section.114}{Energy Generation and Optimization}{}% 309
\BOOKMARK [2][-]{subsection.114.1}{Energy Generation Mechanisms}{section.114}% 310
\BOOKMARK [3][-]{subsubsection.114.1.1}{D-T Plasma Fusion}{subsection.114.1}% 311
\BOOKMARK [3][-]{subsubsection.114.1.2}{Thermionic Conversion}{subsection.114.1}% 312
\BOOKMARK [2][-]{subsection.114.2}{Energy Balance}{section.114}% 313
\BOOKMARK [3][-]{subsubsection.114.2.1}{Energy Input}{subsection.114.2}% 314
\BOOKMARK [3][-]{subsubsection.114.2.2}{Energy Output}{subsection.114.2}% 315
\BOOKMARK [2][-]{subsection.114.3}{Optimization Strategies}{section.114}% 316
\BOOKMARK [2][-]{subsection.114.4}{Conclusion}{section.114}% 317
\BOOKMARK [1][-]{section.115}{Conclusion}{}% 318
\BOOKMARK [1][-]{section.116}{Introduction}{}% 319
\BOOKMARK [1][-]{section.117}{Compact Particle Accelerator}{}% 320
\BOOKMARK [1][-]{section.118}{Thermionic Converter and Plasma Suspension}{}% 321
\BOOKMARK [1][-]{section.119}{Sealed System Design}{}% 322
\BOOKMARK [1][-]{section.120}{Experimental Validation}{}% 323
\BOOKMARK [2][-]{subsection.120.1}{Plasma Ignition}{section.120}% 324
\BOOKMARK [2][-]{subsection.120.2}{Thermionic Efficiency}{section.120}% 325
\BOOKMARK [2][-]{subsection.120.3}{Gravity Field Generation}{section.120}% 326
\BOOKMARK [1][-]{section.121}{Conclusion}{}% 327
\BOOKMARK [1][-]{section.122}{Introduction}{}% 328
\BOOKMARK [1][-]{section.123}{Theoretical Framework}{}% 329
\BOOKMARK [2][-]{subsection.123.1}{Dark Matter and Dark Energy}{section.123}% 330
\BOOKMARK [2][-]{subsection.123.2}{Quantum Void and M-Theory Compactification}{section.123}% 331
\BOOKMARK [2][-]{subsection.123.3}{Unified Force Equation}{section.123}% 332
\BOOKMARK [2][-]{subsection.123.4}{Mathematical Derivations}{section.123}% 333
\BOOKMARK [3][-]{subsubsection.123.4.1}{Photon Mass Constraint}{subsection.123.4}% 334
\BOOKMARK [3][-]{subsubsection.123.4.2}{CMB Anisotropy Damping}{subsection.123.4}% 335
\BOOKMARK [1][-]{section.124}{Experimental Validation}{}% 336
\BOOKMARK [2][-]{subsection.124.1}{Gravitational Lensing with JWST/Euclid}{section.124}% 337
\BOOKMARK [2][-]{subsection.124.2}{CMB Polarization and M-Theory}{section.124}% 338
\BOOKMARK [1][-]{section.125}{Conclusion}{}% 339
\BOOKMARK [1][-]{section.126}{Introduction}{}% 340
\BOOKMARK [1][-]{section.127}{Compact Particle Accelerator}{}% 341
\BOOKMARK [2][-]{subsection.127.1}{Mathematical Proof: Energy Requirements}{section.127}% 342
\BOOKMARK [2][-]{subsection.127.2}{Potential Flaw: Energy Loss}{section.127}% 343
\BOOKMARK [1][-]{section.128}{Thermionic Converter and Plasma Suspension}{}% 344
\BOOKMARK [2][-]{subsection.128.1}{Mathematical Proof: Energy Conversion Efficiency}{section.128}% 345
\BOOKMARK [2][-]{subsection.128.2}{Potential Flaw: Plasma Instability}{section.128}% 346
\BOOKMARK [1][-]{section.129}{Sealed System Design}{}% 347
\BOOKMARK [2][-]{subsection.129.1}{Potential Flaw: Heat Dissipation}{section.129}% 348
\BOOKMARK [1][-]{section.130}{Experimental Validation}{}% 349
\BOOKMARK [2][-]{subsection.130.1}{Plasma Ignition}{section.130}% 350
\BOOKMARK [2][-]{subsection.130.2}{Thermionic Efficiency}{section.130}% 351
\BOOKMARK [2][-]{subsection.130.3}{Gravity Field Generation}{section.130}% 352
\BOOKMARK [1][-]{section.131}{Conclusion}{}% 353
\BOOKMARK [1][-]{section.132}{Introduction}{}% 354
\BOOKMARK [1][-]{section.133}{Compact Particle Accelerator}{}% 355
\BOOKMARK [2][-]{subsection.133.1}{Mathematical Proof: Energy Requirements}{section.133}% 356
\BOOKMARK [2][-]{subsection.133.2}{Potential Flaw: Energy Loss}{section.133}% 357
\BOOKMARK [1][-]{section.134}{Thermionic Converter and Plasma Suspension}{}% 358
\BOOKMARK [2][-]{subsection.134.1}{Mathematical Proof: Energy Conversion Efficiency}{section.134}% 359
\BOOKMARK [2][-]{subsection.134.2}{Potential Flaw: Plasma Instability}{section.134}% 360
\BOOKMARK [1][-]{section.135}{Sealed System Design}{}% 361
\BOOKMARK [2][-]{subsection.135.1}{Potential Flaw: Heat Dissipation}{section.135}% 362
\BOOKMARK [1][-]{section.136}{Experimental Validation}{}% 363
\BOOKMARK [2][-]{subsection.136.1}{Plasma Ignition}{section.136}% 364
\BOOKMARK [2][-]{subsection.136.2}{Thermionic Efficiency}{section.136}% 365
\BOOKMARK [2][-]{subsection.136.3}{Gravity Field Generation}{section.136}% 366
\BOOKMARK [1][-]{section.137}{Conclusion}{}% 367
\BOOKMARK [1][-]{section.138}{Introduction}{}% 368
\BOOKMARK [1][-]{section.139}{Theoretical Framework}{}% 369
\BOOKMARK [2][-]{subsection.139.1}{Dark Matter and Dark Energy as Time-Delayed Radiation}{section.139}% 370
\BOOKMARK [2][-]{subsection.139.2}{Relativistic Light Cones and Spacetime Distortion}{section.139}% 371
\BOOKMARK [2][-]{subsection.139.3}{Hierarchical Gravitational Coupling}{section.139}% 372
\BOOKMARK [2][-]{subsection.139.4}{Force Equation in Delayed Time}{section.139}% 373
\BOOKMARK [2][-]{subsection.139.5}{White Hole Inflation from a Quantum Void}{section.139}% 374
\BOOKMARK [1][-]{section.140}{Interstellar Travel Dynamics}{}% 375
\BOOKMARK [2][-]{subsection.140.1}{Light Speed as Escape Velocity}{section.140}% 376
\BOOKMARK [2][-]{subsection.140.2}{Time Dilation and Observational Delay}{section.140}% 377
\BOOKMARK [1][-]{section.141}{Comparison to Established Theories}{}% 378
\BOOKMARK [2][-]{subsection.141.1}{Quantum Field Theory \(QFT\)}{section.141}% 379
\BOOKMARK [2][-]{subsection.141.2}{General Relativity \(GR\)}{section.141}% 380
\BOOKMARK [2][-]{subsection.141.3}{Cosmic Microwave Background \(CMB\)}{section.141}% 381
\BOOKMARK [1][-]{section.142}{Experimental Proposals}{}% 382
\BOOKMARK [2][-]{subsection.142.1}{Time-Delayed Gravitational Lensing}{section.142}% 383
\BOOKMARK [2][-]{subsection.142.2}{White Hole Thermodynamic Signatures}{section.142}% 384
\BOOKMARK [2][-]{subsection.142.3}{Decohered Photon Mass Detection}{section.142}% 385
\BOOKMARK [1][-]{section.143}{Critical Analysis}{}% 386
\BOOKMARK [2][-]{subsection.143.1}{Strengths}{section.143}% 387
\BOOKMARK [2][-]{subsection.143.2}{Weaknesses}{section.143}% 388
\BOOKMARK [1][-]{section.144}{Conclusion}{}% 389
\BOOKMARK [1][-]{section.145}{Introduction}{}% 390
\BOOKMARK [1][-]{section.146}{Development of the Unified Force Equation}{}% 391
\BOOKMARK [2][-]{subsection.146.1}{Initial Equation}{section.146}% 392
\BOOKMARK [2][-]{subsection.146.2}{Incorporating Dark Matter and Nuclear Forces}{section.146}% 393
\BOOKMARK [2][-]{subsection.146.3}{Quantum Gravity}{section.146}% 394
\BOOKMARK [1][-]{section.147}{Mathematical Refinement}{}% 395
\BOOKMARK [1][-]{section.148}{Wave Superposition and Scale-Dependent Behavior}{}% 396
\BOOKMARK [1][-]{section.149}{Experimental Proposals}{}% 397
\BOOKMARK [1][-]{section.150}{Critical Evaluation}{}% 398
\BOOKMARK [2][-]{subsection.150.1}{Novelty}{section.150}% 399
\BOOKMARK [2][-]{subsection.150.2}{Limitations}{section.150}% 400
\BOOKMARK [1][-]{section.151}{Conclusion}{}% 401
\BOOKMARK [1][-]{section.152}{Introduction}{}% 402
\BOOKMARK [1][-]{section.153}{Theoretical Framework}{}% 403
\BOOKMARK [2][-]{subsection.153.1}{Dark Matter and Dark Energy as Time-Delayed Radiation}{section.153}% 404
\BOOKMARK [2][-]{subsection.153.2}{Relativistic Light Cones and Spacetime Distortion}{section.153}% 405
\BOOKMARK [2][-]{subsection.153.3}{Force Equation in Delayed Time}{section.153}% 406
\BOOKMARK [2][-]{subsection.153.4}{White Hole Inflation from a Quantum Void}{section.153}% 407
\BOOKMARK [1][-]{section.154}{Comparison to Established Theories}{}% 408
\BOOKMARK [2][-]{subsection.154.1}{Quantum Field Theory \(QFT\)}{section.154}% 409
\BOOKMARK [2][-]{subsection.154.2}{General Relativity \(GR\)}{section.154}% 410
\BOOKMARK [2][-]{subsection.154.3}{Cosmic Microwave Background \(CMB\)}{section.154}% 411
\BOOKMARK [1][-]{section.155}{Experimental Proposals}{}% 412
\BOOKMARK [2][-]{subsection.155.1}{Time-Delayed Gravitational Lensing}{section.155}% 413
\BOOKMARK [2][-]{subsection.155.2}{White Hole Thermodynamic Signatures}{section.155}% 414
\BOOKMARK [2][-]{subsection.155.3}{Decohered Photon Mass Detection}{section.155}% 415
\BOOKMARK [1][-]{section.156}{Critical Analysis}{}% 416
\BOOKMARK [2][-]{subsection.156.1}{Strengths}{section.156}% 417
\BOOKMARK [2][-]{subsection.156.2}{Weaknesses}{section.156}% 418
\BOOKMARK [1][-]{section.157}{Conclusion}{}% 419
\BOOKMARK [1][-]{section.158}{Introduction}{}% 420
\BOOKMARK [1][-]{section.159}{Key Framework}{}% 421
\BOOKMARK [2][-]{subsection.159.1}{Dark Matter and Dark Energy as Electromagnetic Remnants}{section.159}% 422
\BOOKMARK [2][-]{subsection.159.2}{Force Equation in a Quantum Void}{section.159}% 423
\BOOKMARK [2][-]{subsection.159.3}{Singularity Formation and White Hole Inflation}{section.159}% 424
\BOOKMARK [1][-]{section.160}{Comparison to Established Theories}{}% 425
\BOOKMARK [2][-]{subsection.160.1}{Quantum Field Theory \(QFT\)}{section.160}% 426
\BOOKMARK [2][-]{subsection.160.2}{General Relativity \(GR\)}{section.160}% 427
\BOOKMARK [2][-]{subsection.160.3}{Cosmic Microwave Background \(CMB\)}{section.160}% 428
\BOOKMARK [2][-]{subsection.160.4}{Entanglement and Holography}{section.160}% 429
\BOOKMARK [1][-]{section.161}{Experimental Tests}{}% 430
\BOOKMARK [2][-]{subsection.161.1}{Time-Delayed Force Corrections}{section.161}% 431
\BOOKMARK [2][-]{subsection.161.2}{White Hole Signatures}{section.161}% 432
\BOOKMARK [2][-]{subsection.161.3}{Decohered Photon Mass}{section.161}% 433
\BOOKMARK [1][-]{section.162}{Critical Analysis}{}% 434
\BOOKMARK [2][-]{subsection.162.1}{Strengths}{section.162}% 435
\BOOKMARK [2][-]{subsection.162.2}{Weaknesses}{section.162}% 436
\BOOKMARK [1][-]{section.163}{Conclusion}{}% 437
\BOOKMARK [1][-]{section.164}{Introduction}{}% 438
\BOOKMARK [1][-]{section.165}{Equation Derivation}{}% 439
\BOOKMARK [1][-]{section.166}{Expansion Of The Universe }{}% 440
\BOOKMARK [1][-]{section.167}{Conclusion }{}% 441
