\BOOKMARK [1][-]{section.1}{Introduction}{}% 1
\BOOKMARK [1][-]{section.2}{Quantum Thermodynamics and Information Processing}{}% 2
\BOOKMARK [2][-]{subsection.2.1}{Entropy and Spacetime Dynamics}{section.2}% 3
\BOOKMARK [2][-]{subsection.2.2}{Implications for High-Energy Physics}{section.2}% 4
\BOOKMARK [1][-]{section.3}{Experimental Predictions and Observational Tests}{}% 5
\BOOKMARK [2][-]{subsection.3.1}{Axionic Gamma-Ray Bursts}{section.3}% 6
\BOOKMARK [2][-]{subsection.3.2}{Cosmic Microwave Background Distortions}{section.3}% 7
\BOOKMARK [2][-]{subsection.3.3}{Gravitational Wave Signatures}{section.3}% 8
\BOOKMARK [1][-]{section.4}{Extensions to Fundamental Interactions}{}% 9
\BOOKMARK [2][-]{subsection.4.1}{Dark Matter as an Emergent Phenomenon}{section.4}% 10
\BOOKMARK [2][-]{subsection.4.2}{Unification of Gauge Fields}{section.4}% 11
\BOOKMARK [2][-]{subsection.4.3}{Implications for Neutrino Physics}{section.4}% 12
\BOOKMARK [1][-]{section.5}{Mathematical Formulation of the Quantum Thermodynamic Action}{}% 13
\BOOKMARK [2][-]{subsection.5.1}{11-Dimensional Manifold and Action Principle}{section.5}% 14
\BOOKMARK [2][-]{subsection.5.2}{Gauge Field Embedding}{section.5}% 15
\BOOKMARK [2][-]{subsection.5.3}{Holographic Correspondence and Emergent Gravity}{section.5}% 16
\BOOKMARK [1][-]{section.6}{Cosmological Implications}{}% 17
\BOOKMARK [2][-]{subsection.6.1}{Resolution of the Hubble Tension}{section.6}% 18
\BOOKMARK [2][-]{subsection.6.2}{Dark Energy as an Information-Theoretic Effect}{section.6}% 19
\BOOKMARK [2][-]{subsection.6.3}{Primordial Perturbations and Large-Scale Structure}{section.6}% 20
\BOOKMARK [1][-]{section.7}{Conclusion}{}% 21
