\BOOKMARK [1][-]{section.1}{Introduction}{}% 1
\BOOKMARK [1][-]{section.2}{Key Concepts and Background}{}% 2
\BOOKMARK [2][-]{subsection.2.1}{Entanglement Entropy}{section.2}% 3
\BOOKMARK [2][-]{subsection.2.2}{Gravitational Waves and Gamma-Ray Bursts}{section.2}% 4
\BOOKMARK [2][-]{subsection.2.3}{Calabi-Yau Manifolds}{section.2}% 5
\BOOKMARK [2][-]{subsection.2.4}{M-Theory Fluxes}{section.2}% 6
\BOOKMARK [1][-]{section.3}{Universal Quantum Thermodynamic Action}{}% 7
\BOOKMARK [2][-]{subsection.3.1}{Derivation and Motivation}{section.3}% 8
\BOOKMARK [3][-]{subsubsection.3.1.1}{Einstein-Hilbert Term \(R16G11\)}{subsection.3.1}% 9
\BOOKMARK [3][-]{subsubsection.3.1.2}{Standard Model Lagrangian \(LSM\)}{subsection.3.1}% 10
\BOOKMARK [3][-]{subsubsection.3.1.3}{GW-GRB Coupling \(\(GW\) T\(GRB\)2\)}{subsection.3.1}% 11
\BOOKMARK [3][-]{subsubsection.3.1.4}{CMB-Hubble-Entropy Term}{subsection.3.1}% 12
\BOOKMARK [3][-]{subsubsection.3.1.5}{M-Theory Fluxes \(n=17 CYn G4 G4\)}{subsection.3.1}% 13
\BOOKMARK [3][-]{subsubsection.3.1.6}{Quantum Vortices \( \040\)}{subsection.3.1}% 14
\BOOKMARK [3][-]{subsubsection.3.1.7}{Boundary Term \(2 M11 Tr\(DD\)\)}{subsection.3.1}% 15
\BOOKMARK [1][-]{section.4}{Experimental Validation}{}% 16
\BOOKMARK [2][-]{subsection.4.1}{Multi-Messenger Astrophysics}{section.4}% 17
\BOOKMARK [2][-]{subsection.4.2}{Hubble Tension Resolution}{section.4}% 18
\BOOKMARK [2][-]{subsection.4.3}{Dark Matter Detection}{section.4}% 19
\BOOKMARK [2][-]{subsection.4.4}{Axion-GRB Predictions}{section.4}% 20
\BOOKMARK [1][-]{section.5}{Discussion}{}% 21
