This is pdfTeX, Version 3.14159265-2.6-1.40.20 (TeX Live 2019/Debian) (preloaded format=pdflatex 2024.8.14)  10 FEB 2025 19:40
entering extended mode
 restricted \write18 enabled.
 %&-line parsing enabled.
**./reqwen10.tex -lm
(./reqwen10.tex
LaTeX2e <2020-02-02> patch level 2
L3 programming layer <2020-02-14>
(/usr/share/texlive/texmf-dist/tex/latex/base/article.cls
Document Class: article 2019/12/20 v1.4l Standard LaTeX document class
(/usr/share/texlive/texmf-dist/tex/latex/base/size12.clo
File: size12.clo 2019/12/20 v1.4l Standard LaTeX file (size option)
)
\c@part=\count167
\c@section=\count168
\c@subsection=\count169
\c@subsubsection=\count170
\c@paragraph=\count171
\c@subparagraph=\count172
\c@figure=\count173
\c@table=\count174
\abovecaptionskip=\skip47
\belowcaptionskip=\skip48
\bibindent=\dimen134
)
(/usr/share/texlive/texmf-dist/tex/latex/amsmath/amsmath.sty
Package: amsmath 2020/01/20 v2.17e AMS math features
\@mathmargin=\skip49

For additional information on amsmath, use the `?' option.
(/usr/share/texlive/texmf-dist/tex/latex/amsmath/amstext.sty
Package: amstext 2000/06/29 v2.01 AMS text

(/usr/share/texlive/texmf-dist/tex/latex/amsmath/amsgen.sty
File: amsgen.sty 1999/11/30 v2.0 generic functions
\@emptytoks=\toks14
\ex@=\dimen135
))
(/usr/share/texlive/texmf-dist/tex/latex/amsmath/amsbsy.sty
Package: amsbsy 1999/11/29 v1.2d Bold Symbols
\pmbraise@=\dimen136
)
(/usr/share/texlive/texmf-dist/tex/latex/amsmath/amsopn.sty
Package: amsopn 2016/03/08 v2.02 operator names
)
\inf@bad=\count175
LaTeX Info: Redefining \frac on input line 227.
\uproot@=\count176
\leftroot@=\count177
LaTeX Info: Redefining \overline on input line 389.
\classnum@=\count178
\DOTSCASE@=\count179
LaTeX Info: Redefining \ldots on input line 486.
LaTeX Info: Redefining \dots on input line 489.
LaTeX Info: Redefining \cdots on input line 610.
\Mathstrutbox@=\box45
\strutbox@=\box46
\big@size=\dimen137
LaTeX Font Info:    Redeclaring font encoding OML on input line 733.
LaTeX Font Info:    Redeclaring font encoding OMS on input line 734.
\macc@depth=\count180
\c@MaxMatrixCols=\count181
\dotsspace@=\muskip16
\c@parentequation=\count182
\dspbrk@lvl=\count183
\tag@help=\toks15
\row@=\count184
\column@=\count185
\maxfields@=\count186
\andhelp@=\toks16
\eqnshift@=\dimen138
\alignsep@=\dimen139
\tagshift@=\dimen140
\tagwidth@=\dimen141
\totwidth@=\dimen142
\lineht@=\dimen143
\@envbody=\toks17
\multlinegap=\skip50
\multlinetaggap=\skip51
\mathdisplay@stack=\toks18
LaTeX Info: Redefining \[ on input line 2859.
LaTeX Info: Redefining \] on input line 2860.
)
(/usr/share/texlive/texmf-dist/tex/latex/amsfonts/amssymb.sty
Package: amssymb 2013/01/14 v3.01 AMS font symbols

(/usr/share/texlive/texmf-dist/tex/latex/amsfonts/amsfonts.sty
Package: amsfonts 2013/01/14 v3.01 Basic AMSFonts support
\symAMSa=\mathgroup4
\symAMSb=\mathgroup5
LaTeX Font Info:    Redeclaring math symbol \hbar on input line 98.
LaTeX Font Info:    Overwriting math alphabet `\mathfrak' in version `bold'
(Font)                  U/euf/m/n --> U/euf/b/n on input line 106.
))
(/usr/share/texlive/texmf-dist/tex/latex/amscls/amsthm.sty
Package: amsthm 2017/10/31 v2.20.4
\thm@style=\toks19
\thm@bodyfont=\toks20
\thm@headfont=\toks21
\thm@notefont=\toks22
\thm@headpunct=\toks23
\thm@preskip=\skip52
\thm@postskip=\skip53
\thm@headsep=\skip54
\dth@everypar=\toks24
)
(/usr/share/texlive/texmf-dist/tex/latex/physics/physics.sty
Package: physics 

(/usr/share/texlive/texmf-dist/tex/latex/l3packages/xparse/xparse.sty
(/usr/share/texlive/texmf-dist/tex/latex/l3kernel/expl3.sty
Package: expl3 2020-02-14 L3 programming layer (loader) 

(/usr/share/texlive/texmf-dist/tex/latex/l3backend/l3backend-pdfmode.def
File: l3backend-pdfmode.def 2020-02-03 L3 backend support: PDF mode
\l__kernel_color_stack_int=\count187
\l__pdf_internal_box=\box47
))
Package: xparse 2020-02-14 L3 Experimental document command parser
\l__xparse_current_arg_int=\count188
\g__xparse_grabber_int=\count189
\l__xparse_m_args_int=\count190
\l__xparse_v_nesting_int=\count191
))
(/usr/share/texlive/texmf-dist/tex/latex/graphics/graphicx.sty
Package: graphicx 2019/11/30 v1.2a Enhanced LaTeX Graphics (DPC,SPQR)

(/usr/share/texlive/texmf-dist/tex/latex/graphics/keyval.sty
Package: keyval 2014/10/28 v1.15 key=value parser (DPC)
\KV@toks@=\toks25
)
(/usr/share/texlive/texmf-dist/tex/latex/graphics/graphics.sty
Package: graphics 2019/11/30 v1.4a Standard LaTeX Graphics (DPC,SPQR)

(/usr/share/texlive/texmf-dist/tex/latex/graphics/trig.sty
Package: trig 2016/01/03 v1.10 sin cos tan (DPC)
)
(/usr/share/texlive/texmf-dist/tex/latex/graphics-cfg/graphics.cfg
File: graphics.cfg 2016/06/04 v1.11 sample graphics configuration
)
Package graphics Info: Driver file: pdftex.def on input line 105.

(/usr/share/texlive/texmf-dist/tex/latex/graphics-def/pdftex.def
File: pdftex.def 2018/01/08 v1.0l Graphics/color driver for pdftex
))
\Gin@req@height=\dimen144
\Gin@req@width=\dimen145
)
(/usr/share/texlive/texmf-dist/tex/latex/hyperref/hyperref.sty
Package: hyperref 2020/01/14 v7.00d Hypertext links for LaTeX

(/usr/share/texlive/texmf-dist/tex/generic/ltxcmds/ltxcmds.sty
Package: ltxcmds 2019/12/15 v1.24 LaTeX kernel commands for general use (HO)
)
(/usr/share/texlive/texmf-dist/tex/generic/iftex/iftex.sty
Package: iftex 2019/11/07 v1.0c TeX engine tests
)
(/usr/share/texlive/texmf-dist/tex/latex/pdftexcmds/pdftexcmds.sty
Package: pdftexcmds 2019/11/24 v0.31 Utility functions of pdfTeX for LuaTeX (HO
)

(/usr/share/texlive/texmf-dist/tex/generic/infwarerr/infwarerr.sty
Package: infwarerr 2019/12/03 v1.5 Providing info/warning/error messages (HO)
)
Package pdftexcmds Info: \pdf@primitive is available.
Package pdftexcmds Info: \pdf@ifprimitive is available.
Package pdftexcmds Info: \pdfdraftmode found.
)
(/usr/share/texlive/texmf-dist/tex/generic/kvsetkeys/kvsetkeys.sty
Package: kvsetkeys 2019/12/15 v1.18 Key value parser (HO)
)
(/usr/share/texlive/texmf-dist/tex/generic/kvdefinekeys/kvdefinekeys.sty
Package: kvdefinekeys 2019-12-19 v1.6 Define keys (HO)
)
(/usr/share/texlive/texmf-dist/tex/generic/pdfescape/pdfescape.sty
Package: pdfescape 2019/12/09 v1.15 Implements pdfTeX's escape features (HO)
)
(/usr/share/texlive/texmf-dist/tex/latex/hycolor/hycolor.sty
Package: hycolor 2020-01-27 v1.10 Color options for hyperref/bookmark (HO)
)
(/usr/share/texlive/texmf-dist/tex/latex/letltxmacro/letltxmacro.sty
Package: letltxmacro 2019/12/03 v1.6 Let assignment for LaTeX macros (HO)
)
(/usr/share/texlive/texmf-dist/tex/latex/auxhook/auxhook.sty
Package: auxhook 2019-12-17 v1.6 Hooks for auxiliary files (HO)
)
(/usr/share/texlive/texmf-dist/tex/latex/kvoptions/kvoptions.sty
Package: kvoptions 2019/11/29 v3.13 Key value format for package options (HO)
)
\@linkdim=\dimen146
\Hy@linkcounter=\count192
\Hy@pagecounter=\count193

(/usr/share/texlive/texmf-dist/tex/latex/hyperref/pd1enc.def
File: pd1enc.def 2020/01/14 v7.00d Hyperref: PDFDocEncoding definition (HO)
Now handling font encoding PD1 ...
... no UTF-8 mapping file for font encoding PD1
)
(/usr/share/texlive/texmf-dist/tex/generic/intcalc/intcalc.sty
Package: intcalc 2019/12/15 v1.3 Expandable calculations with integers (HO)
)
(/usr/share/texlive/texmf-dist/tex/generic/etexcmds/etexcmds.sty
Package: etexcmds 2019/12/15 v1.7 Avoid name clashes with e-TeX commands (HO)
)
\Hy@SavedSpaceFactor=\count194
\pdfmajorversion=\count195
Package hyperref Info: Hyper figures OFF on input line 4547.
Package hyperref Info: Link nesting OFF on input line 4552.
Package hyperref Info: Hyper index ON on input line 4555.
Package hyperref Info: Plain pages OFF on input line 4562.
Package hyperref Info: Backreferencing OFF on input line 4567.
Package hyperref Info: Implicit mode ON; LaTeX internals redefined.
Package hyperref Info: Bookmarks ON on input line 4800.
\c@Hy@tempcnt=\count196

(/usr/share/texlive/texmf-dist/tex/latex/url/url.sty
\Urlmuskip=\muskip17
Package: url 2013/09/16  ver 3.4  Verb mode for urls, etc.
)
LaTeX Info: Redefining \url on input line 5159.
\XeTeXLinkMargin=\dimen147

(/usr/share/texlive/texmf-dist/tex/generic/bitset/bitset.sty
Package: bitset 2019/12/09 v1.3 Handle bit-vector datatype (HO)

(/usr/share/texlive/texmf-dist/tex/generic/bigintcalc/bigintcalc.sty
Package: bigintcalc 2019/12/15 v1.5 Expandable calculations on big integers (HO
)
))
\Fld@menulength=\count197
\Field@Width=\dimen148
\Fld@charsize=\dimen149
Package hyperref Info: Hyper figures OFF on input line 6430.
Package hyperref Info: Link nesting OFF on input line 6435.
Package hyperref Info: Hyper index ON on input line 6438.
Package hyperref Info: backreferencing OFF on input line 6445.
Package hyperref Info: Link coloring OFF on input line 6450.
Package hyperref Info: Link coloring with OCG OFF on input line 6455.
Package hyperref Info: PDF/A mode OFF on input line 6460.
LaTeX Info: Redefining \ref on input line 6500.
LaTeX Info: Redefining \pageref on input line 6504.

(/usr/share/texlive/texmf-dist/tex/generic/atbegshi/atbegshi.sty
Package: atbegshi 2019/12/05 v1.19 At begin shipout hook (HO)
)
\Hy@abspage=\count198
\c@Item=\count199
\c@Hfootnote=\count266
)
Package hyperref Info: Driver (autodetected): hpdftex.

(/usr/share/texlive/texmf-dist/tex/latex/hyperref/hpdftex.def
File: hpdftex.def 2020/01/14 v7.00d Hyperref driver for pdfTeX

(/usr/share/texlive/texmf-dist/tex/latex/atveryend/atveryend.sty
Package: atveryend 2019-12-11 v1.11 Hooks at the very end of document (HO)
Package atveryend Info: \enddocument detected (standard20110627).
)
\Fld@listcount=\count267
\c@bookmark@seq@number=\count268

(/usr/share/texlive/texmf-dist/tex/latex/rerunfilecheck/rerunfilecheck.sty
Package: rerunfilecheck 2019/12/05 v1.9 Rerun checks for auxiliary files (HO)

(/usr/share/texlive/texmf-dist/tex/generic/uniquecounter/uniquecounter.sty
Package: uniquecounter 2019/12/15 v1.4 Provide unlimited unique counter (HO)
)
Package uniquecounter Info: New unique counter `rerunfilecheck' on input line 2
86.
)
\Hy@SectionHShift=\skip55
)
(./reqwen10.aux)
\openout1 = `reqwen10.aux'.

LaTeX Font Info:    Checking defaults for OML/cmm/m/it on input line 11.
LaTeX Font Info:    ... okay on input line 11.
LaTeX Font Info:    Checking defaults for OMS/cmsy/m/n on input line 11.
LaTeX Font Info:    ... okay on input line 11.
LaTeX Font Info:    Checking defaults for OT1/cmr/m/n on input line 11.
LaTeX Font Info:    ... okay on input line 11.
LaTeX Font Info:    Checking defaults for T1/cmr/m/n on input line 11.
LaTeX Font Info:    ... okay on input line 11.
LaTeX Font Info:    Checking defaults for TS1/cmr/m/n on input line 11.
LaTeX Font Info:    ... okay on input line 11.
LaTeX Font Info:    Checking defaults for OMX/cmex/m/n on input line 11.
LaTeX Font Info:    ... okay on input line 11.
LaTeX Font Info:    Checking defaults for U/cmr/m/n on input line 11.
LaTeX Font Info:    ... okay on input line 11.
LaTeX Font Info:    Checking defaults for PD1/pdf/m/n on input line 11.
LaTeX Font Info:    ... okay on input line 11.

(/usr/share/texlive/texmf-dist/tex/context/base/mkii/supp-pdf.mkii
[Loading MPS to PDF converter (version 2006.09.02).]
\scratchcounter=\count269
\scratchdimen=\dimen150
\scratchbox=\box48
\nofMPsegments=\count270
\nofMParguments=\count271
\everyMPshowfont=\toks26
\MPscratchCnt=\count272
\MPscratchDim=\dimen151
\MPnumerator=\count273
\makeMPintoPDFobject=\count274
\everyMPtoPDFconversion=\toks27
) (/usr/share/texlive/texmf-dist/tex/latex/epstopdf-pkg/epstopdf-base.sty
Package: epstopdf-base 2020-01-24 v2.11 Base part for package epstopdf
Package epstopdf-base Info: Redefining graphics rule for `.eps' on input line 4
85.

(/usr/share/texlive/texmf-dist/tex/latex/latexconfig/epstopdf-sys.cfg
File: epstopdf-sys.cfg 2010/07/13 v1.3 Configuration of (r)epstopdf for TeX Liv
e
))
\AtBeginShipoutBox=\box49
Package hyperref Info: Link coloring OFF on input line 11.

(/usr/share/texlive/texmf-dist/tex/latex/hyperref/nameref.sty
Package: nameref 2019/09/16 v2.46 Cross-referencing by name of section

(/usr/share/texlive/texmf-dist/tex/latex/refcount/refcount.sty
Package: refcount 2019/12/15 v3.6 Data extraction from label references (HO)
)
(/usr/share/texlive/texmf-dist/tex/generic/gettitlestring/gettitlestring.sty
Package: gettitlestring 2019/12/15 v1.6 Cleanup title references (HO)
)
\c@section@level=\count275
)
LaTeX Info: Redefining \ref on input line 11.
LaTeX Info: Redefining \pageref on input line 11.
LaTeX Info: Redefining \nameref on input line 11.

(./reqwen10.out) (./reqwen10.out)
\@outlinefile=\write3
\openout3 = `reqwen10.out'.

LaTeX Font Info:    Trying to load font information for U+msa on input line 14.


(/usr/share/texlive/texmf-dist/tex/latex/amsfonts/umsa.fd
File: umsa.fd 2013/01/14 v3.01 AMS symbols A
)
LaTeX Font Info:    Trying to load font information for U+msb on input line 14.


(/usr/share/texlive/texmf-dist/tex/latex/amsfonts/umsb.fd
File: umsb.fd 2013/01/14 v3.01 AMS symbols B
)
Overfull \hbox (6.7478pt too wide) in paragraph at lines 22--22
[]\OT1/cmr/bx/n/17.28 Entropy-Driven Cor-rec-tions to Gen-eral Rel-
 []


LaTeX Warning: Citation `LIGO2023' on page 1 undefined on input line 24.


LaTeX Warning: Citation `Planck2020' on page 1 undefined on input line 24.

[1

{/var/lib/texmf/fonts/map/pdftex/updmap/pdftex.map}]

LaTeX Warning: Citation `DES2022' on page 2 undefined on input line 31.


LaTeX Warning: Citation `Riess2021' on page 2 undefined on input line 31.


LaTeX Warning: Citation `Planck2020' on page 2 undefined on input line 31.

<hubble_tension.png, id=80, 722.7pt x 433.62pt>
File: hubble_tension.png Graphic file (type png)
<use hubble_tension.png>
Package pdftex.def Info: hubble_tension.png  used on input line 39.
(pdftex.def)             Requested size: 312.00119pt x 187.20062pt.

LaTeX Warning: Citation `Riess2021' on page 2 undefined on input line 40.


LaTeX Warning: Citation `Planck2020' on page 2 undefined on input line 40.


LaTeX Warning: Citation `Riess2021' on page 2 undefined on input line 40.


LaTeX Warning: Citation `Planck2020' on page 2 undefined on input line 40.


LaTeX Warning: `!h' float specifier changed to `!ht'.


LaTeX Warning: Citation `McGaugh2021' on page 2 undefined on input line 54.


LaTeX Warning: Citation `KiDS2023' on page 2 undefined on input line 54.

[2]

LaTeX Warning: Citation `DESI2023' on page 3 undefined on input line 57.


LaTeX Warning: Citation `Springel2023' on page 3 undefined on input line 57.

<dark_matter_distribution.png, id=92, 722.7pt x 433.62pt>
File: dark_matter_distribution.png Graphic file (type png)
<use dark_matter_distribution.png>
Package pdftex.def Info: dark_matter_distribution.png  used on input line 61.
(pdftex.def)             Requested size: 312.00119pt x 187.20062pt.

LaTeX Warning: Citation `KiDS2023' on page 3 undefined on input line 62.


LaTeX Warning: Citation `KiDS2023' on page 3 undefined on input line 62.


LaTeX Warning: `!h' float specifier changed to `!ht'.

[3 <./hubble_tension.png>]

LaTeX Warning: Citation `Euclid2023' on page 4 undefined on input line 72.


LaTeX Warning: Citation `CMB-S42023' on page 4 undefined on input line 79.

<cmb_spectral_distortion.png, id=99, 722.7pt x 433.62pt>
File: cmb_spectral_distortion.png Graphic file (type png)
<use cmb_spectral_distortion.png>
Package pdftex.def Info: cmb_spectral_distortion.png  used on input line 83.
(pdftex.def)             Requested size: 312.00119pt x 187.20062pt.

LaTeX Warning: Citation `CMB-S42023' on page 4 undefined on input line 84.


LaTeX Warning: Citation `CMB-S42023' on page 4 undefined on input line 84.

[4 <./dark_matter_distribution.png>]

LaTeX Warning: Citation `Kasevich2023' on page 5 undefined on input line 97.

[5 <./cmb_spectral_distortion.png>]
<quantum_decoherence.png, id=116, 722.7pt x 433.62pt>
File: quantum_decoherence.png Graphic file (type png)
<use quantum_decoherence.png>
Package pdftex.def Info: quantum_decoherence.png  used on input line 104.
(pdftex.def)             Requested size: 312.00119pt x 187.20062pt.


LaTeX Warning: Citation `Kasevich2023' on page 6 undefined on input line 105.


LaTeX Warning: Citation `Kasevich2023' on page 6 undefined on input line 105.


LaTeX Warning: Citation `LiteBIRD2023' on page 6 undefined on input line 115.

<primordial_power_spectrum.png, id=117, 722.7pt x 433.62pt>
File: primordial_power_spectrum.png Graphic file (type png)
<use primordial_power_spectrum.png>
Package pdftex.def Info: primordial_power_spectrum.png  used on input line 119.

(pdftex.def)             Requested size: 312.00119pt x 187.20062pt.

LaTeX Warning: Citation `Planck2020' on page 6 undefined on input line 120.


LaTeX Warning: Citation `Planck2020' on page 6 undefined on input line 120.


LaTeX Warning: `!h' float specifier changed to `!ht'.

[6 <./quantum_decoherence.png>]
No file reqwen10.bbl.
Package atveryend Info: Empty hook `BeforeClearDocument' on input line 130.
[7 <./primordial_power_spectrum.png>]
Package atveryend Info: Empty hook `AfterLastShipout' on input line 130.
 (./reqwen10.aux)
Package atveryend Info: Executing hook `AtVeryEndDocument' on input line 130.
Package atveryend Info: Executing hook `AtEndAfterFileList' on input line 130.
Package rerunfilecheck Info: File `reqwen10.out' has not changed.
(rerunfilecheck)             Checksum: EBF1E69A518A4ABAC3F28B7E28D1F5B4;1156.


LaTeX Warning: There were undefined references.


LaTeX Warning: Label(s) may have changed. Rerun to get cross-references right.

Package atveryend Info: Empty hook `AtVeryVeryEnd' on input line 130.
 ) 
Here is how much of TeX's memory you used:
 7409 strings out of 483049
 111513 string characters out of 5962914
 372768 words of memory out of 5000000
 22286 multiletter control sequences out of 15000+600000
 542957 words of font info for 65 fonts, out of 8000000 for 9000
 83 hyphenation exceptions out of 8191
 43i,10n,38p,679b,343s stack positions out of 5000i,500n,10000p,200000b,80000s
</usr/share/texlive/texmf-dist/fonts/type1/public/amsfonts/cm/cmbx10.pfb></us
r/share/texlive/texmf-dist/fonts/type1/public/amsfonts/cm/cmbx12.pfb></usr/shar
e/texlive/texmf-dist/fonts/type1/public/amsfonts/cm/cmex10.pfb></usr/share/texl
ive/texmf-dist/fonts/type1/public/amsfonts/cm/cmmi12.pfb></usr/share/texlive/te
xmf-dist/fonts/type1/public/amsfonts/cm/cmmi8.pfb></usr/share/texlive/texmf-dis
t/fonts/type1/public/amsfonts/cm/cmr10.pfb></usr/share/texlive/texmf-dist/fonts
/type1/public/amsfonts/cm/cmr12.pfb></usr/share/texlive/texmf-dist/fonts/type1/
public/amsfonts/cm/cmr17.pfb></usr/share/texlive/texmf-dist/fonts/type1/public/
amsfonts/cm/cmr8.pfb></usr/share/texlive/texmf-dist/fonts/type1/public/amsfonts
/cm/cmsy10.pfb></usr/share/texlive/texmf-dist/fonts/type1/public/amsfonts/cm/cm
sy8.pfb></usr/share/texlive/texmf-dist/fonts/type1/public/amsfonts/symbols/msbm
10.pfb>
Output written on reqwen10.pdf (7 pages, 326449 bytes).
PDF statistics:
 182 PDF objects out of 1000 (max. 8388607)
 149 compressed objects within 2 object streams
 36 named destinations out of 1000 (max. 500000)
 154 words of extra memory for PDF output out of 10000 (max. 10000000)

